c:\users\даша\desktop\programs\3_с++\search\debug\vc140.pdb
c:\users\даша\desktop\programs\3_с++\search\debug\vc140.idb
c:\users\даша\desktop\programs\3_с++\search\debug\arraysortedsequence.obj
c:\users\даша\desktop\programs\3_с++\search\debug\exception.obj
c:\users\даша\desktop\programs\3_с++\search\debug\listsortedsequence.obj
c:\users\даша\desktop\programs\3_с++\search\debug\sortedsequence.obj
c:\users\даша\desktop\programs\3_с++\search\debug\stack.obj
c:\users\даша\desktop\programs\3_с++\search\debug\tree.obj
c:\users\даша\desktop\programs\3_с++\search\debug\generator.obj
c:\users\даша\desktop\programs\3_с++\search\debug\main.obj
c:\users\даша\desktop\programs\3_с++\search\debug\arraysequence.obj
c:\users\даша\desktop\programs\3_с++\search\debug\listsequence.obj
c:\users\даша\desktop\programs\3_с++\search\debug\sequence.obj
c:\users\даша\desktop\programs\3_с++\search\debug\sort.obj
c:\users\даша\desktop\programs\3_с++\search\debug\threadedtree.obj
c:\users\даша\desktop\programs\3_с++\search\debug\binarytree.obj
c:\users\даша\desktop\programs\3_с++\search\debug\search.ilk
c:\users\даша\desktop\programs\3_с++\search\debug\search.exe
c:\users\даша\desktop\programs\3_с++\search\debug\search.pdb
c:\users\даша\desktop\programs\3_с++\search\debug\search.tlog\cl.command.1.tlog
c:\users\даша\desktop\programs\3_с++\search\debug\search.tlog\cl.read.1.tlog
c:\users\даша\desktop\programs\3_с++\search\debug\search.tlog\cl.write.1.tlog
c:\users\даша\desktop\programs\3_с++\search\debug\search.tlog\link.command.1.tlog
c:\users\даша\desktop\programs\3_с++\search\debug\search.tlog\link.read.1.tlog
c:\users\даша\desktop\programs\3_с++\search\debug\search.tlog\link.write.1.tlog
